2025-03-23 21:53:20,648 - root - INFO - Configuration: {'model': {'name': 'Sentence-BERT-Proper', 'pretrained_model_name': 'firqaaa/indo-sentence-bert-base', 'max_seq_length': 128, 'output_hidden_states': True, 'classifier_type': 'proper', 'hidden_dropout_prob': 0.1, 'classifier_dropout': 0.1, 'classifier_hidden_dim': 768, 'classifier_num_layers': 2}, 'training': {'batch_size': 128, 'learning_rate': '2e-5', 'num_epochs': 5, 'warmup_ratio': 0.1, 'weight_decay': 0.01, 'gradient_accumulation_steps': 1, 'seed': 42, 'save_steps': 500, 'eval_steps': 500, 'logging_steps': 100, 'disable_tqdm': False, 'fp16': True}, 'data': {'dataset_name': 'afaji/indonli', 'train_split': 'train', 'validation_split': 'validation', 'test_splits': ['test_lay', 'test_expert'], 'num_workers': 4}, 'output': {'output_dir': '/home/jupyter-23522029/indo-NLI-best-model/models/sentence-bert-proper', 'logging_dir': '/home/jupyter-23522029/indo-NLI-best-model/logs/sentence-bert-proper', 'report_dir': '/home/jupyter-23522029/indo-NLI-best-model/reports/sentence-bert-proper'}}
2025-03-23 21:53:20,730 - root - INFO - System information:
2025-03-23 21:53:20,730 - root - INFO - Python version: 3.10.14 | packaged by conda-forge | (main, Mar 20 2024, 12:45:18) [GCC 12.3.0]
2025-03-23 21:53:20,730 - root - INFO - PyTorch version: 2.6.0+cu124
2025-03-23 21:53:20,730 - root - INFO - CUDA available: Yes
2025-03-23 21:53:20,731 - root - INFO - CUDA version: 12.4
2025-03-23 21:53:20,771 - root - INFO - Number of GPUs: 1
2025-03-23 21:53:20,779 - root - INFO - Current GPU: 0
2025-03-23 21:53:20,779 - root - INFO - GPU name: NVIDIA RTX A5000
2025-03-23 21:53:20,780 - root - INFO - Using device: cuda
2025-03-23 21:53:20,780 - root - INFO - Creating model
2025-03-23 21:53:20,780 - src.models.model_factory - INFO - Creating model of type Sentence-BERT-Proper
2025-03-23 21:53:20,781 - src.models.sentence_bert_model - INFO - Loading Sentence-BERT model from firqaaa/indo-sentence-bert-base
2025-03-23 21:53:22,753 - root - INFO - Loading datasets
2025-03-23 21:53:22,753 - src.data.dataset - INFO - Loading IndoNLI dataset (train split)...
2025-03-23 21:53:25,193 - src.data.dataset - INFO - Loaded 10330 examples from train split
2025-03-23 21:53:25,193 - src.data.dataset - INFO - Loading IndoNLI dataset (validation split)...
2025-03-23 21:53:26,590 - src.data.dataset - INFO - Loaded 2197 examples from validation split
2025-03-23 21:53:26,591 - root - INFO - Creating trainer
2025-03-23 21:53:26,591 - src.training.trainer - INFO - Using device: cuda
2025-03-23 21:53:26,596 - root - INFO - Starting training
2025-03-23 21:53:26,596 - src.training.trainer - INFO - Starting training
2025-03-23 21:53:26,597 - src.training.trainer - INFO - Epoch 1/5
