2025-03-23 21:42:12,533 - root - INFO - Configuration: {'model': {'name': 'Indo-roBERTa', 'pretrained_model_name': 'cahya/roberta-base-indonesian-1.5G', 'max_seq_length': 128, 'output_hidden_states': False}, 'training': {'batch_size': 16, 'learning_rate': '2e-5', 'num_epochs': 5, 'warmup_ratio': 0.1, 'weight_decay': 0.01, 'gradient_accumulation_steps': 1, 'seed': 42, 'save_steps': 500, 'eval_steps': 500, 'logging_steps': 100, 'disable_tqdm': False, 'fp16': True}, 'data': {'dataset_name': 'afaji/indonli', 'train_split': 'train', 'validation_split': 'validation', 'test_splits': ['test_lay', 'test_expert'], 'num_workers': 4}, 'output': {'output_dir': '/home/jupyter-23522029/indo-NLI-best-model/models/indo-roberta', 'logging_dir': '/home/jupyter-23522029/indo-NLI-best-model/logs/indo-roberta', 'report_dir': '/home/jupyter-23522029/indo-NLI-best-model/reports/indo-roberta'}}
2025-03-23 21:42:12,599 - root - INFO - System information:
2025-03-23 21:42:12,599 - root - INFO - Python version: 3.10.14 | packaged by conda-forge | (main, Mar 20 2024, 12:45:18) [GCC 12.3.0]
2025-03-23 21:42:12,600 - root - INFO - PyTorch version: 2.6.0+cu124
2025-03-23 21:42:12,600 - root - INFO - CUDA available: Yes
2025-03-23 21:42:12,600 - root - INFO - CUDA version: 12.4
2025-03-23 21:42:12,640 - root - INFO - Number of GPUs: 1
2025-03-23 21:42:12,645 - root - INFO - Current GPU: 0
2025-03-23 21:42:12,646 - root - INFO - GPU name: NVIDIA RTX A5000
2025-03-23 21:42:12,646 - root - INFO - Using device: cuda
2025-03-23 21:42:12,646 - root - INFO - Creating model
2025-03-23 21:42:12,646 - src.models.model_factory - INFO - Creating model of type Indo-roBERTa
2025-03-23 21:42:12,647 - src.models.roberta_model - INFO - Loading RoBERTa model from cahya/roberta-base-indonesian-1.5G
2025-03-23 21:42:14,928 - root - INFO - Loading datasets
2025-03-23 21:42:14,928 - src.data.dataset - INFO - Loading IndoNLI dataset (train split)...
2025-03-23 21:42:17,380 - src.data.dataset - INFO - Loaded 10330 examples from train split
2025-03-23 21:42:17,381 - src.data.dataset - INFO - Loading IndoNLI dataset (validation split)...
2025-03-23 21:42:18,790 - src.data.dataset - INFO - Loaded 2197 examples from validation split
2025-03-23 21:42:18,790 - root - INFO - Creating trainer
2025-03-23 21:42:18,790 - src.training.trainer - INFO - Using device: cuda
2025-03-23 21:42:18,796 - root - INFO - Starting training
2025-03-23 21:42:18,796 - src.training.trainer - INFO - Starting training
2025-03-23 21:42:18,797 - src.training.trainer - INFO - Epoch 1/5
