2025-03-23 22:20:46,641 - root - INFO - Configuration: {'model': {'name': 'Indo-roBERTa-base', 'pretrained_model_name': 'flax-community/indonesian-roberta-base', 'max_seq_length': 128, 'output_hidden_states': False}, 'training': {'batch_size': 128, 'learning_rate': '2e-5', 'num_epochs': 5, 'warmup_ratio': 0.1, 'weight_decay': 0.01, 'gradient_accumulation_steps': 1, 'seed': 42, 'save_steps': 500, 'eval_steps': 500, 'logging_steps': 100, 'disable_tqdm': False, 'fp16': True}, 'data': {'dataset_name': 'afaji/indonli', 'train_split': 'train', 'validation_split': 'validation', 'test_splits': ['test_lay', 'test_expert'], 'num_workers': 4}, 'output': {'output_dir': '/home/jupyter-23522029/indo-NLI-best-model/models/indo-roberta-base', 'logging_dir': '/home/jupyter-23522029/indo-NLI-best-model/logs/indo-roberta-base', 'report_dir': '/home/jupyter-23522029/indo-NLI-best-model/reports/indo-roberta-base'}}
2025-03-23 22:20:46,728 - root - INFO - System information:
2025-03-23 22:20:46,728 - root - INFO - Python version: 3.10.14 | packaged by conda-forge | (main, Mar 20 2024, 12:45:18) [GCC 12.3.0]
2025-03-23 22:20:46,728 - root - INFO - PyTorch version: 2.6.0+cu124
2025-03-23 22:20:46,728 - root - INFO - CUDA available: Yes
2025-03-23 22:20:46,728 - root - INFO - CUDA version: 12.4
2025-03-23 22:20:46,769 - root - INFO - Number of GPUs: 1
2025-03-23 22:20:46,777 - root - INFO - Current GPU: 0
2025-03-23 22:20:46,778 - root - INFO - GPU name: NVIDIA RTX A5000
2025-03-23 22:20:46,778 - root - INFO - Using device: cuda
2025-03-23 22:20:46,778 - root - INFO - Creating model
2025-03-23 22:20:46,778 - src.models.model_factory - INFO - Creating model of type Indo-roBERTa-base
2025-03-23 22:20:46,779 - src.models.roberta_model - INFO - Loading RoBERTa model from flax-community/indonesian-roberta-base
2025-03-23 22:20:47,669 - src.models.roberta_model - INFO - Loading tokenizer from: flax-community/indonesian-roberta-base
2025-03-23 22:20:48,100 - root - INFO - Loading datasets
2025-03-23 22:20:48,100 - src.data.dataset - INFO - Loading IndoNLI dataset (train split)...
2025-03-23 22:20:50,995 - src.data.dataset - INFO - Loaded 10330 examples from train split
2025-03-23 22:20:50,996 - src.data.dataset - INFO - Loading IndoNLI dataset (validation split)...
2025-03-23 22:20:52,356 - src.data.dataset - INFO - Loaded 2197 examples from validation split
2025-03-23 22:20:52,356 - root - INFO - Creating trainer
2025-03-23 22:20:52,356 - src.training.trainer - INFO - Using device: cuda
2025-03-23 22:20:52,360 - root - INFO - Starting training
2025-03-23 22:20:52,360 - src.training.trainer - INFO - Starting training
2025-03-23 22:20:52,362 - src.training.trainer - INFO - Epoch 1/5
2025-03-23 22:21:10,762 - src.training.trainer - INFO - Epoch 1 completed. Average loss: 1.0421
2025-03-23 22:21:10,762 - src.training.trainer - INFO - Running evaluation
2025-03-23 22:21:15,621 - src.training.trainer - INFO - Eval accuracy: 0.6677287209831588
2025-03-23 22:21:15,622 - src.training.trainer - INFO - Eval precision: 0.6705520710280481
2025-03-23 22:21:15,622 - src.training.trainer - INFO - Eval recall: 0.664461082739
2025-03-23 22:21:15,622 - src.training.trainer - INFO - Eval f1: 0.665999224307336
2025-03-23 22:21:15,622 - src.training.trainer - INFO - Eval precision_entailment: 0.6395089285714286
2025-03-23 22:21:15,622 - src.training.trainer - INFO - Eval recall_entailment: 0.7100371747211895
2025-03-23 22:21:15,622 - src.training.trainer - INFO - Eval f1_entailment: 0.6729301233118027
2025-03-23 22:21:15,622 - src.training.trainer - INFO - Eval precision_neutral: 0.6244131455399061
2025-03-23 22:21:15,622 - src.training.trainer - INFO - Eval recall_neutral: 0.6224648985959438
2025-03-23 22:21:15,622 - src.training.trainer - INFO - Eval f1_neutral: 0.6234375
2025-03-23 22:21:15,622 - src.training.trainer - INFO - Eval precision_contradiction: 0.7477341389728097
2025-03-23 22:21:15,622 - src.training.trainer - INFO - Eval recall_contradiction: 0.6608811748998665
2025-03-23 22:21:15,622 - src.training.trainer - INFO - Eval f1_contradiction: 0.7016300496102055
2025-03-23 22:21:16,814 - src.training.trainer - INFO - Model saved to /home/jupyter-23522029/indo-NLI-best-model/models/indo-roberta-base/epoch-1
2025-03-23 22:21:16,814 - src.training.trainer - INFO - Epoch 2/5
2025-03-23 22:21:21,452 - src.training.trainer - INFO - Step 100: loss = 0.8227
2025-03-23 22:21:34,819 - src.training.trainer - INFO - Epoch 2 completed. Average loss: 0.7628
2025-03-23 22:21:34,820 - src.training.trainer - INFO - Running evaluation
2025-03-23 22:21:39,603 - src.training.trainer - INFO - Eval accuracy: 0.7373691397360036
2025-03-23 22:21:39,603 - src.training.trainer - INFO - Eval precision: 0.7420113760813835
2025-03-23 22:21:39,603 - src.training.trainer - INFO - Eval recall: 0.7323945985833801
2025-03-23 22:21:39,603 - src.training.trainer - INFO - Eval f1: 0.7336061312590862
2025-03-23 22:21:39,604 - src.training.trainer - INFO - Eval precision_entailment: 0.7133689839572193
2025-03-23 22:21:39,604 - src.training.trainer - INFO - Eval recall_entailment: 0.8265179677819083
2025-03-23 22:21:39,604 - src.training.trainer - INFO - Eval f1_entailment: 0.7657864523536165
2025-03-23 22:21:39,604 - src.training.trainer - INFO - Eval precision_neutral: 0.6817472698907956
2025-03-23 22:21:39,604 - src.training.trainer - INFO - Eval recall_neutral: 0.6817472698907956
2025-03-23 22:21:39,604 - src.training.trainer - INFO - Eval f1_neutral: 0.6817472698907956
2025-03-23 22:21:39,604 - src.training.trainer - INFO - Eval precision_contradiction: 0.8309178743961353
2025-03-23 22:21:39,604 - src.training.trainer - INFO - Eval recall_contradiction: 0.6889185580774366
2025-03-23 22:21:39,604 - src.training.trainer - INFO - Eval f1_contradiction: 0.7532846715328467
2025-03-23 22:21:40,802 - src.training.trainer - INFO - Model saved to /home/jupyter-23522029/indo-NLI-best-model/models/indo-roberta-base/epoch-2
2025-03-23 22:21:40,803 - src.training.trainer - INFO - Epoch 3/5
