2025-03-23 22:05:17,827 - root - INFO - Configuration: {'model': {'name': 'Indo-roBERTa-base', 'pretrained_model_name': 'flax-community/indonesian-roberta-base', 'max_seq_length': 128, 'output_hidden_states': False}, 'training': {'batch_size': 128, 'learning_rate': '2e-5', 'num_epochs': 5, 'warmup_ratio': 0.1, 'weight_decay': 0.01, 'gradient_accumulation_steps': 1, 'seed': 42, 'save_steps': 500, 'eval_steps': 500, 'logging_steps': 100, 'disable_tqdm': False, 'fp16': True}, 'data': {'dataset_name': 'afaji/indonli', 'train_split': 'train', 'validation_split': 'validation', 'test_splits': ['test_lay', 'test_expert'], 'num_workers': 4}, 'output': {'output_dir': '/home/jupyter-23522029/indo-NLI-best-model/models/indo-roberta-base', 'logging_dir': '/home/jupyter-23522029/indo-NLI-best-model/logs/indo-roberta-base', 'report_dir': '/home/jupyter-23522029/indo-NLI-best-model/reports/indo-roberta-base'}}
2025-03-23 22:05:17,924 - root - INFO - System information:
2025-03-23 22:05:17,925 - root - INFO - Python version: 3.10.14 | packaged by conda-forge | (main, Mar 20 2024, 12:45:18) [GCC 12.3.0]
2025-03-23 22:05:17,925 - root - INFO - PyTorch version: 2.6.0+cu124
2025-03-23 22:05:17,925 - root - INFO - CUDA available: Yes
2025-03-23 22:05:17,925 - root - INFO - CUDA version: 12.4
2025-03-23 22:05:17,966 - root - INFO - Number of GPUs: 1
2025-03-23 22:05:17,974 - root - INFO - Current GPU: 0
2025-03-23 22:05:17,975 - root - INFO - GPU name: NVIDIA RTX A5000
2025-03-23 22:05:17,975 - root - INFO - Using device: cuda
2025-03-23 22:05:17,975 - root - INFO - Creating model
2025-03-23 22:05:17,976 - src.models.model_factory - INFO - Creating model of type Indo-roBERTa-base
2025-03-23 22:05:17,976 - src.models.roberta_model - INFO - Loading RoBERTa model from flax-community/indonesian-roberta-base
2025-03-23 22:05:19,700 - root - INFO - Loading datasets
2025-03-23 22:05:19,701 - src.data.dataset - INFO - Loading IndoNLI dataset (train split)...
2025-03-23 22:05:22,094 - src.data.dataset - INFO - Loaded 10330 examples from train split
2025-03-23 22:05:22,095 - src.data.dataset - INFO - Loading IndoNLI dataset (validation split)...
2025-03-23 22:05:27,743 - src.data.dataset - INFO - Loaded 2197 examples from validation split
2025-03-23 22:05:27,743 - root - INFO - Creating trainer
2025-03-23 22:05:27,744 - src.training.trainer - INFO - Using device: cuda
2025-03-23 22:05:27,748 - root - INFO - Starting training
2025-03-23 22:05:27,748 - src.training.trainer - INFO - Starting training
2025-03-23 22:05:27,749 - src.training.trainer - INFO - Epoch 1/5
2025-03-23 22:05:46,099 - src.training.trainer - INFO - Epoch 1 completed. Average loss: 1.0421
2025-03-23 22:05:46,099 - src.training.trainer - INFO - Running evaluation
