2025-03-23 22:02:21,805 - root - INFO - Configuration: {'model': {'name': 'Sentence-BERT-Simple', 'pretrained_model_name': 'firqaaa/indo-sentence-bert-base', 'max_seq_length': 128, 'output_hidden_states': True, 'classifier_type': 'simple', 'hidden_dropout_prob': 0.1, 'classifier_dropout': 0.1}, 'training': {'batch_size': 128, 'learning_rate': '2e-5', 'num_epochs': 5, 'warmup_ratio': 0.1, 'weight_decay': 0.01, 'gradient_accumulation_steps': 1, 'seed': 42, 'save_steps': 500, 'eval_steps': 500, 'logging_steps': 100, 'disable_tqdm': False, 'fp16': True}, 'data': {'dataset_name': 'afaji/indonli', 'train_split': 'train', 'validation_split': 'validation', 'test_splits': ['test_lay', 'test_expert'], 'num_workers': 4}, 'output': {'output_dir': '/home/jupyter-23522029/indo-NLI-best-model/models/sentence-bert-simple', 'logging_dir': '/home/jupyter-23522029/indo-NLI-best-model/logs/sentence-bert-simple', 'report_dir': '/home/jupyter-23522029/indo-NLI-best-model/reports/sentence-bert-simple'}}
2025-03-23 22:02:21,890 - root - INFO - System information:
2025-03-23 22:02:21,890 - root - INFO - Python version: 3.10.14 | packaged by conda-forge | (main, Mar 20 2024, 12:45:18) [GCC 12.3.0]
2025-03-23 22:02:21,890 - root - INFO - PyTorch version: 2.6.0+cu124
2025-03-23 22:02:21,890 - root - INFO - CUDA available: Yes
2025-03-23 22:02:21,890 - root - INFO - CUDA version: 12.4
2025-03-23 22:02:21,933 - root - INFO - Number of GPUs: 1
2025-03-23 22:02:21,942 - root - INFO - Current GPU: 0
2025-03-23 22:02:21,942 - root - INFO - GPU name: NVIDIA RTX A5000
2025-03-23 22:02:21,943 - root - INFO - Using device: cuda
2025-03-23 22:02:21,943 - root - INFO - Creating model
2025-03-23 22:02:21,943 - src.models.model_factory - INFO - Creating model of type Sentence-BERT-Simple
2025-03-23 22:02:21,944 - src.models.sentence_bert_model - INFO - Loading Sentence-BERT model from firqaaa/indo-sentence-bert-base
2025-03-23 22:02:24,896 - root - INFO - Loading datasets
2025-03-23 22:02:24,896 - src.data.dataset - INFO - Loading IndoNLI dataset (train split)...
2025-03-23 22:02:27,325 - src.data.dataset - INFO - Loaded 10330 examples from train split
2025-03-23 22:02:27,327 - src.data.dataset - INFO - Loading IndoNLI dataset (validation split)...
2025-03-23 22:02:28,680 - src.data.dataset - INFO - Loaded 2197 examples from validation split
2025-03-23 22:02:28,681 - root - INFO - Creating trainer
2025-03-23 22:02:28,681 - src.training.trainer - INFO - Using device: cuda
2025-03-23 22:02:28,689 - root - INFO - Starting training
2025-03-23 22:02:28,689 - src.training.trainer - INFO - Starting training
2025-03-23 22:02:28,691 - src.training.trainer - INFO - Epoch 1/5
2025-03-23 22:02:47,269 - src.training.trainer - INFO - Epoch 1 completed. Average loss: 1.0131
2025-03-23 22:02:47,270 - src.training.trainer - INFO - Running evaluation
2025-03-23 22:02:52,307 - src.training.trainer - INFO - Eval accuracy: 0.5065999089667729
2025-03-23 22:02:52,307 - src.training.trainer - INFO - Eval precision: 0.5622001249096781
2025-03-23 22:02:52,307 - src.training.trainer - INFO - Eval recall: 0.5224285469616299
2025-03-23 22:02:52,307 - src.training.trainer - INFO - Eval f1: 0.5043807586097534
2025-03-23 22:02:52,307 - src.training.trainer - INFO - Eval precision_entailment: 0.5578406169665809
2025-03-23 22:02:52,307 - src.training.trainer - INFO - Eval recall_entailment: 0.26889714993804215
2025-03-23 22:02:52,308 - src.training.trainer - INFO - Eval f1_entailment: 0.362876254180602
2025-03-23 22:02:52,308 - src.training.trainer - INFO - Eval precision_neutral: 0.3706122448979592
2025-03-23 22:02:52,308 - src.training.trainer - INFO - Eval recall_neutral: 0.7082683307332294
2025-03-23 22:02:52,308 - src.training.trainer - INFO - Eval f1_neutral: 0.4866023579849946
2025-03-23 22:02:52,308 - src.training.trainer - INFO - Eval precision_contradiction: 0.758147512864494
2025-03-23 22:02:52,308 - src.training.trainer - INFO - Eval recall_contradiction: 0.5901201602136181
2025-03-23 22:02:52,308 - src.training.trainer - INFO - Eval f1_contradiction: 0.6636636636636637
2025-03-23 22:02:53,258 - src.training.trainer - INFO - Model saved to /home/jupyter-23522029/indo-NLI-best-model/models/sentence-bert-simple/epoch-1
2025-03-23 22:02:53,258 - src.training.trainer - INFO - Epoch 2/5
2025-03-23 22:02:57,998 - src.training.trainer - INFO - Step 100: loss = 0.9041
2025-03-23 22:03:11,478 - src.training.trainer - INFO - Epoch 2 completed. Average loss: 0.8576
2025-03-23 22:03:11,479 - src.training.trainer - INFO - Running evaluation
2025-03-23 22:03:16,487 - src.training.trainer - INFO - Eval accuracy: 0.6609012289485662
2025-03-23 22:03:16,488 - src.training.trainer - INFO - Eval precision: 0.6707782036561069
2025-03-23 22:03:16,488 - src.training.trainer - INFO - Eval recall: 0.6634558888277512
2025-03-23 22:03:16,488 - src.training.trainer - INFO - Eval f1: 0.6615728598824061
2025-03-23 22:03:16,488 - src.training.trainer - INFO - Eval precision_entailment: 0.6730523627075351
2025-03-23 22:03:16,488 - src.training.trainer - INFO - Eval recall_entailment: 0.6530359355638166
2025-03-23 22:03:16,488 - src.training.trainer - INFO - Eval f1_entailment: 0.6628930817610063
2025-03-23 22:03:16,488 - src.training.trainer - INFO - Eval precision_neutral: 0.5624227441285538
2025-03-23 22:03:16,488 - src.training.trainer - INFO - Eval recall_neutral: 0.7098283931357254
2025-03-23 22:03:16,488 - src.training.trainer - INFO - Eval f1_neutral: 0.6275862068965518
2025-03-23 22:03:16,488 - src.training.trainer - INFO - Eval precision_contradiction: 0.7768595041322314
2025-03-23 22:03:16,489 - src.training.trainer - INFO - Eval recall_contradiction: 0.6275033377837116
2025-03-23 22:03:16,489 - src.training.trainer - INFO - Eval f1_contradiction: 0.6942392909896603
2025-03-23 22:03:17,421 - src.training.trainer - INFO - Model saved to /home/jupyter-23522029/indo-NLI-best-model/models/sentence-bert-simple/epoch-2
2025-03-23 22:03:17,421 - src.training.trainer - INFO - Epoch 3/5
2025-03-23 22:03:26,291 - src.training.trainer - INFO - Step 200: loss = 0.7284
2025-03-23 22:03:35,700 - src.training.trainer - INFO - Epoch 3 completed. Average loss: 0.7106
2025-03-23 22:03:35,700 - src.training.trainer - INFO - Running evaluation
